build/app/intermediates/manifest_merge_blame_file/debug/manifest-merger-blame-debug-report.txt
1<?xml version="1.0" encoding="utf-8"?>
2<manifest xmlns:android="http://schemas.android.com/apk/res/android"
3    package="com.inkandmetal.share_app"
4    android:versionCode="1"
5    android:versionName="1.0.0" >
6
7    <uses-sdk
8        android:minSdkVersion="19"
9        android:targetSdkVersion="30" />
10    <!--
11         Flutter needs it to communicate with the running application
12         to allow setting bxreakpoints, to provide hot reload, etc.
13    -->
14    <uses-permission android:name="android.permission.INTERNET" />
14-->src\debug\AndroidManifest.xml:6:5-66
14-->src\debug\AndroidManifest.xml:6:22-64
15
16    <!-- Samsung Badge -->
17    <uses-permission android:name="com.sec.android.provider.badge.permission.READ" />
17-->[:awesome_notifications] AndroidManifest.xml:10:5-86
17-->[:awesome_notifications] AndroidManifest.xml:10:22-83
18    <uses-permission android:name="com.sec.android.provider.badge.permission.WRITE" /> <!-- Sony Badge -->
18-->[:awesome_notifications] AndroidManifest.xml:11:5-87
18-->[:awesome_notifications] AndroidManifest.xml:11:22-84
19    <uses-permission android:name="com.sonyericsson.home.permission.BROADCAST_BADGE" /> <!-- HTC Badge -->
19-->[:awesome_notifications] AndroidManifest.xml:14:5-88
19-->[:awesome_notifications] AndroidManifest.xml:14:22-85
20    <uses-permission android:name="com.htc.launcher.permission.READ_SETTINGS" />
20-->[:awesome_notifications] AndroidManifest.xml:17:5-81
20-->[:awesome_notifications] AndroidManifest.xml:17:22-78
21    <uses-permission android:name="com.htc.launcher.permission.UPDATE_SHORTCUT" />
21-->[:awesome_notifications] AndroidManifest.xml:18:5-83
21-->[:awesome_notifications] AndroidManifest.xml:18:22-80
22    <uses-permission android:name="android.permission.RECEIVE_BOOT_COMPLETED" />
22-->[:awesome_notifications] AndroidManifest.xml:19:5-81
22-->[:awesome_notifications] AndroidManifest.xml:19:22-78
23    <uses-permission android:name="android.permission.VIBRATE" />
23-->[:flutter_local_notifications] AndroidManifest.xml:10:5-66
23-->[:flutter_local_notifications] AndroidManifest.xml:10:22-63
24    <uses-permission android:name="android.permission.USE_FULL_SCREEN_INTENT" />
24-->[:flutter_local_notifications] AndroidManifest.xml:11:5-81
24-->[:flutter_local_notifications] AndroidManifest.xml:11:22-78
25    <uses-permission android:name="android.permission.ACCESS_NETWORK_STATE" />
25-->[com.google.firebase:firebase-auth:21.0.1] AndroidManifest.xml:24:5-79
25-->[com.google.firebase:firebase-auth:21.0.1] AndroidManifest.xml:24:22-76
26    <uses-permission android:name="android.permission.WAKE_LOCK" />
26-->[com.google.android.gms:play-services-measurement-api:20.0.0] AndroidManifest.xml:24:5-68
26-->[com.google.android.gms:play-services-measurement-api:20.0.0] AndroidManifest.xml:24:22-65
27    <uses-permission android:name="com.google.android.finsky.permission.BIND_GET_INSTALL_REFERRER_SERVICE" />
27-->[com.google.android.gms:play-services-measurement:20.0.0] AndroidManifest.xml:26:5-110
27-->[com.google.android.gms:play-services-measurement:20.0.0] AndroidManifest.xml:26:22-107
28    <uses-permission android:name="com.sonymobile.home.permission.PROVIDER_INSERT_BADGE" /> <!-- for apex -->
28-->[me.leolin:ShortcutBadger:1.1.22] AndroidManifest.xml:28:5-92
28-->[me.leolin:ShortcutBadger:1.1.22] AndroidManifest.xml:28:22-89
29    <uses-permission android:name="com.anddoes.launcher.permission.UPDATE_COUNT" /> <!-- for solid -->
29-->[me.leolin:ShortcutBadger:1.1.22] AndroidManifest.xml:31:5-84
29-->[me.leolin:ShortcutBadger:1.1.22] AndroidManifest.xml:31:22-81
30    <uses-permission android:name="com.majeur.launcher.permission.UPDATE_BADGE" /> <!-- for huawei -->
30-->[me.leolin:ShortcutBadger:1.1.22] AndroidManifest.xml:34:5-83
30-->[me.leolin:ShortcutBadger:1.1.22] AndroidManifest.xml:34:22-80
31    <uses-permission android:name="com.huawei.android.launcher.permission.CHANGE_BADGE" />
31-->[me.leolin:ShortcutBadger:1.1.22] AndroidManifest.xml:37:5-91
31-->[me.leolin:ShortcutBadger:1.1.22] AndroidManifest.xml:37:22-88
32    <uses-permission android:name="com.huawei.android.launcher.permission.READ_SETTINGS" />
32-->[me.leolin:ShortcutBadger:1.1.22] AndroidManifest.xml:38:5-92
32-->[me.leolin:ShortcutBadger:1.1.22] AndroidManifest.xml:38:22-89
33    <uses-permission android:name="com.huawei.android.launcher.permission.WRITE_SETTINGS" /> <!-- for ZUK -->
33-->[me.leolin:ShortcutBadger:1.1.22] AndroidManifest.xml:39:5-93
33-->[me.leolin:ShortcutBadger:1.1.22] AndroidManifest.xml:39:22-90
34    <uses-permission android:name="android.permission.READ_APP_BADGE" /> <!-- for OPPO -->
34-->[me.leolin:ShortcutBadger:1.1.22] AndroidManifest.xml:42:5-73
34-->[me.leolin:ShortcutBadger:1.1.22] AndroidManifest.xml:42:22-70
35    <uses-permission android:name="com.oppo.launcher.permission.READ_SETTINGS" />
35-->[me.leolin:ShortcutBadger:1.1.22] AndroidManifest.xml:45:5-82
35-->[me.leolin:ShortcutBadger:1.1.22] AndroidManifest.xml:45:22-79
36    <uses-permission android:name="com.oppo.launcher.permission.WRITE_SETTINGS" /> <!-- for EvMe -->
36-->[me.leolin:ShortcutBadger:1.1.22] AndroidManifest.xml:46:5-83
36-->[me.leolin:ShortcutBadger:1.1.22] AndroidManifest.xml:46:22-80
37    <uses-permission android:name="me.everything.badger.permission.BADGE_COUNT_READ" />
37-->[me.leolin:ShortcutBadger:1.1.22] AndroidManifest.xml:49:5-88
37-->[me.leolin:ShortcutBadger:1.1.22] AndroidManifest.xml:49:22-85
38    <uses-permission android:name="me.everything.badger.permission.BADGE_COUNT_WRITE" />
38-->[me.leolin:ShortcutBadger:1.1.22] AndroidManifest.xml:50:5-89
38-->[me.leolin:ShortcutBadger:1.1.22] AndroidManifest.xml:50:22-86
39
40    <application
40-->src\main\AndroidManifest.xml:3:4-40:19
41        android:name="androidx.multidex.MultiDexApplication"
42        android:appComponentFactory="androidx.core.app.CoreComponentFactory"
42-->[androidx.core:core:1.6.0] AndroidManifest.xml:24:18-86
43        android:debuggable="true"
44        android:icon="@mipmap/ic_launcher"
44-->src\main\AndroidManifest.xml:5:9-43
45        android:label="share_app" >
45-->src\main\AndroidManifest.xml:4:9-34
46        <activity
46-->src\main\AndroidManifest.xml:6:9-34:20
47            android:name="com.inkandmetal.share_app.MainActivity"
47-->src\main\AndroidManifest.xml:7:13-41
48            android:configChanges="orientation|keyboardHidden|keyboard|screenSize|smallestScreenSize|locale|layoutDirection|fontScale|screenLayout|density|uiMode"
48-->src\main\AndroidManifest.xml:10:13-163
49            android:hardwareAccelerated="true"
49-->src\main\AndroidManifest.xml:11:13-47
50            android:launchMode="singleTop"
50-->src\main\AndroidManifest.xml:8:13-43
51            android:theme="@style/LaunchTheme"
51-->src\main\AndroidManifest.xml:9:13-47
52            android:windowSoftInputMode="adjustResize" >
52-->src\main\AndroidManifest.xml:12:13-55
53
54            <!--
55                 Specifies an Android theme to apply to this Activity as soon as
56                 the Android process has started. This theme is visible to the user
57                 while the Flutter UI initializes. After that, this theme continues
58                 to determine the Window background behind the Flutter UI.
59            -->
60            <meta-data
60-->src\main\AndroidManifest.xml:17:13-20:17
61                android:name="io.flutter.embedding.android.NormalTheme"
61-->src\main\AndroidManifest.xml:18:15-70
62                android:resource="@style/NormalTheme" />
62-->src\main\AndroidManifest.xml:19:15-52
63            <!--
64                 Displays an Android View that continues showing the launch screen
65                 Drawable until Flutter paints its first frame, then this splash
66                 screen fades out. A splash screen is useful to avoid any visual
67                 gap between the end of Android's launch screen and the painting of
68                 Flutter's first frame.
69            -->
70            <meta-data
70-->src\main\AndroidManifest.xml:26:13-29:17
71                android:name="io.flutter.embedding.android.SplashScreenDrawable"
71-->src\main\AndroidManifest.xml:27:15-79
72                android:resource="@drawable/launch_background" />
72-->src\main\AndroidManifest.xml:28:15-61
73
74            <intent-filter>
74-->src\main\AndroidManifest.xml:30:13-33:29
75                <action android:name="android.intent.action.MAIN" />
75-->src\main\AndroidManifest.xml:31:17-68
75-->src\main\AndroidManifest.xml:31:25-66
76
77                <category android:name="android.intent.category.LAUNCHER" />
77-->src\main\AndroidManifest.xml:32:17-76
77-->src\main\AndroidManifest.xml:32:27-74
78            </intent-filter>
79        </activity>
80        <!--
81             Don't delete the meta-data below.
82             This is used by the Flutter tool to generate GeneratedPluginRegistrant.java
83        -->
84        <meta-data
84-->src\main\AndroidManifest.xml:37:9-39:33
85            android:name="flutterEmbedding"
85-->src\main\AndroidManifest.xml:38:13-44
86            android:value="2" />
86-->src\main\AndroidManifest.xml:39:13-30
87
88        <service
88-->[:firebase_auth] AndroidManifest.xml:10:9-14:19
89            android:name="com.google.firebase.components.ComponentDiscoveryService"
89-->[:firebase_auth] AndroidManifest.xml:10:18-89
90            android:directBootAware="true"
90-->[com.google.firebase:firebase-common:20.0.0] AndroidManifest.xml:35:13-43
91            android:exported="false" >
91-->[com.google.firebase:firebase-auth:21.0.1] AndroidManifest.xml:76:13-37
92            <meta-data
92-->[:firebase_auth] AndroidManifest.xml:11:13-13:85
93                android:name="com.google.firebase.components:io.flutter.plugins.firebase.auth.FlutterFirebaseAuthRegistrar"
93-->[:firebase_auth] AndroidManifest.xml:12:17-124
94                android:value="com.google.firebase.components.ComponentRegistrar" />
94-->[:firebase_auth] AndroidManifest.xml:13:17-82
95            <meta-data
95-->[:cloud_firestore] AndroidManifest.xml:11:13-13:85
96                android:name="com.google.firebase.components:io.flutter.plugins.firebase.firestore.FlutterFirebaseFirestoreRegistrar"
96-->[:cloud_firestore] AndroidManifest.xml:12:17-134
97                android:value="com.google.firebase.components.ComponentRegistrar" />
97-->[:cloud_firestore] AndroidManifest.xml:13:17-82
98            <meta-data
98-->[:firebase_core] AndroidManifest.xml:11:13-13:85
99                android:name="com.google.firebase.components:io.flutter.plugins.firebase.core.FlutterFirebaseCoreRegistrar"
99-->[:firebase_core] AndroidManifest.xml:12:17-124
100                android:value="com.google.firebase.components.ComponentRegistrar" />
100-->[:firebase_core] AndroidManifest.xml:13:17-82
101            <meta-data
101-->[com.google.firebase:firebase-auth:21.0.1] AndroidManifest.xml:77:13-79:85
102                android:name="com.google.firebase.components:com.google.firebase.auth.FirebaseAuthRegistrar"
102-->[com.google.firebase:firebase-auth:21.0.1] AndroidManifest.xml:78:17-109
103                android:value="com.google.firebase.components.ComponentRegistrar" />
103-->[com.google.firebase:firebase-auth:21.0.1] AndroidManifest.xml:79:17-82
104            <meta-data
104-->[com.google.firebase:firebase-firestore:24.0.0] AndroidManifest.xml:20:13-22:85
105                android:name="com.google.firebase.components:com.google.firebase.firestore.FirestoreRegistrar"
105-->[com.google.firebase:firebase-firestore:24.0.0] AndroidManifest.xml:21:17-111
106                android:value="com.google.firebase.components.ComponentRegistrar" />
106-->[com.google.firebase:firebase-firestore:24.0.0] AndroidManifest.xml:22:17-82
107            <meta-data
107-->[com.google.android.gms:play-services-measurement-api:20.0.0] AndroidManifest.xml:30:13-32:85
108                android:name="com.google.firebase.components:com.google.firebase.analytics.connector.internal.AnalyticsConnectorRegistrar"
108-->[com.google.android.gms:play-services-measurement-api:20.0.0] AndroidManifest.xml:31:17-139
109                android:value="com.google.firebase.components.ComponentRegistrar" />
109-->[com.google.android.gms:play-services-measurement-api:20.0.0] AndroidManifest.xml:32:17-82
110            <meta-data
110-->[com.google.firebase:firebase-installations:17.0.0] AndroidManifest.xml:18:13-20:85
111                android:name="com.google.firebase.components:com.google.firebase.installations.FirebaseInstallationsRegistrar"
111-->[com.google.firebase:firebase-installations:17.0.0] AndroidManifest.xml:19:17-127
112                android:value="com.google.firebase.components.ComponentRegistrar" />
112-->[com.google.firebase:firebase-installations:17.0.0] AndroidManifest.xml:20:17-82
113        </service>
114        <!--
115        <service
116            android:name=".services.firebase.FCMService"
117            android:exported="false">
118            <intent-filter>
119                <action android:name="com.google.firebase.MESSAGING_EVENT"/>
120            </intent-filter>
121        </service>
122
123        <service
124            android:name=".services.AutoCancelService"
125            android:stopWithTask="true" />
126
127        <meta-data android:name="firebase_messaging_auto_init_enabled" android:value="true" />
128
129        <meta-data
130            android:name="com.google.firebase.messaging.default_notification_channel_id"
131            android:value="me.carda.awesome_notifications.firebase.background_channel"/>
132        -->
133        <receiver android:name="me.carda.awesome_notifications.notifications.broadcastReceivers.DismissedNotificationReceiver" />
133-->[:awesome_notifications] AndroidManifest.xml:43:9-130
133-->[:awesome_notifications] AndroidManifest.xml:43:19-127
134        <receiver android:name="me.carda.awesome_notifications.notifications.broadcastReceivers.ScheduledNotificationReceiver" />
134-->[:awesome_notifications] AndroidManifest.xml:44:9-130
134-->[:awesome_notifications] AndroidManifest.xml:44:19-127
135        <receiver android:name="me.carda.awesome_notifications.notifications.broadcastReceivers.KeepOnTopActionReceiver" />
135-->[:awesome_notifications] AndroidManifest.xml:45:9-124
135-->[:awesome_notifications] AndroidManifest.xml:45:19-121
136        <receiver
136-->[:awesome_notifications] AndroidManifest.xml:46:9-58:20
137            android:name="me.carda.awesome_notifications.notifications.broadcastReceivers.RefreshNotificationBootReceiver"
137-->[:awesome_notifications] AndroidManifest.xml:47:13-123
138            android:exported="false" >
138-->[:awesome_notifications] AndroidManifest.xml:48:13-37
139            <intent-filter>
139-->[:awesome_notifications] AndroidManifest.xml:49:13-57:29
140                <category android:name="android.intent.category.DEFAULT" />
140-->[:awesome_notifications] AndroidManifest.xml:50:17-76
140-->[:awesome_notifications] AndroidManifest.xml:50:27-73
141
142                <action android:name="android.intent.action.BOOT_COMPLETED" />
142-->[:awesome_notifications] AndroidManifest.xml:52:17-79
142-->[:awesome_notifications] AndroidManifest.xml:52:25-76
143                <action android:name="android.intent.action.LOCKED_BOOT_COMPLETED" />
143-->[:awesome_notifications] AndroidManifest.xml:53:17-86
143-->[:awesome_notifications] AndroidManifest.xml:53:25-83
144                <action android:name="android.intent.action.MY_PACKAGE_REPLACED" />
144-->[:awesome_notifications] AndroidManifest.xml:54:17-84
144-->[:awesome_notifications] AndroidManifest.xml:54:25-81
145                <action android:name="android.intent.action.QUICKBOOT_POWERON" />
145-->[:awesome_notifications] AndroidManifest.xml:55:17-82
145-->[:awesome_notifications] AndroidManifest.xml:55:25-79
146                <action android:name="com.htc.intent.action.QUICKBOOT_POWERON" />
146-->[:awesome_notifications] AndroidManifest.xml:56:17-82
146-->[:awesome_notifications] AndroidManifest.xml:56:25-79
147            </intent-filter>
148        </receiver>
149        <receiver
149-->[:awesome_notifications] AndroidManifest.xml:59:9-65:20
150            android:name="androidx.media.session.MediaButtonReceiver"
150-->[:awesome_notifications] AndroidManifest.xml:60:13-70
151            android:exported="false" >
151-->[:awesome_notifications] AndroidManifest.xml:61:13-37
152            <intent-filter>
152-->[:awesome_notifications] AndroidManifest.xml:62:13-64:29
153                <action android:name="android.intent.action.MEDIA_BUTTON" />
153-->[:awesome_notifications] AndroidManifest.xml:63:17-77
153-->[:awesome_notifications] AndroidManifest.xml:63:25-74
154            </intent-filter>
155        </receiver>
156        <receiver android:name="com.dexterous.flutterlocalnotifications.ScheduledNotificationReceiver" />
156-->[:flutter_local_notifications] AndroidManifest.xml:14:9-106
156-->[:flutter_local_notifications] AndroidManifest.xml:14:19-103
157        <receiver android:name="com.dexterous.flutterlocalnotifications.ScheduledNotificationBootReceiver" >
157-->[:flutter_local_notifications] AndroidManifest.xml:15:9-22:20
157-->[:flutter_local_notifications] AndroidManifest.xml:15:19-107
158            <intent-filter>
158-->[:flutter_local_notifications] AndroidManifest.xml:16:13-21:29
159                <action android:name="android.intent.action.BOOT_COMPLETED" />
159-->[:awesome_notifications] AndroidManifest.xml:52:17-79
159-->[:awesome_notifications] AndroidManifest.xml:52:25-76
160                <action android:name="android.intent.action.MY_PACKAGE_REPLACED" />
160-->[:awesome_notifications] AndroidManifest.xml:54:17-84
160-->[:awesome_notifications] AndroidManifest.xml:54:25-81
161                <action android:name="android.intent.action.QUICKBOOT_POWERON" />
161-->[:awesome_notifications] AndroidManifest.xml:55:17-82
161-->[:awesome_notifications] AndroidManifest.xml:55:25-79
162                <action android:name="com.htc.intent.action.QUICKBOOT_POWERON" />
162-->[:awesome_notifications] AndroidManifest.xml:56:17-82
162-->[:awesome_notifications] AndroidManifest.xml:56:25-79
163            </intent-filter>
164        </receiver>
165
166        <activity
166-->[:url_launcher] AndroidManifest.xml:10:9-13:74
167            android:name="io.flutter.plugins.urllauncher.WebViewActivity"
167-->[:url_launcher] AndroidManifest.xml:11:13-74
168            android:exported="false"
168-->[:url_launcher] AndroidManifest.xml:12:13-37
169            android:theme="@android:style/Theme.NoTitleBar.Fullscreen" />
169-->[:url_launcher] AndroidManifest.xml:13:13-71
170
171        <uses-library
171-->[androidx.window:window:1.0.0-beta04] AndroidManifest.xml:25:9-27:40
172            android:name="androidx.window.extensions"
172-->[androidx.window:window:1.0.0-beta04] AndroidManifest.xml:26:13-54
173            android:required="false" />
173-->[androidx.window:window:1.0.0-beta04] AndroidManifest.xml:27:13-37
174        <uses-library
174-->[androidx.window:window:1.0.0-beta04] AndroidManifest.xml:28:9-30:40
175            android:name="androidx.window.sidecar"
175-->[androidx.window:window:1.0.0-beta04] AndroidManifest.xml:29:13-51
176            android:required="false" />
176-->[androidx.window:window:1.0.0-beta04] AndroidManifest.xml:30:13-37
177
178        <activity
178-->[com.google.firebase:firebase-auth:21.0.1] AndroidManifest.xml:27:9-44:20
179            android:name="com.google.firebase.auth.internal.GenericIdpActivity"
179-->[com.google.firebase:firebase-auth:21.0.1] AndroidManifest.xml:28:13-80
180            android:excludeFromRecents="true"
180-->[com.google.firebase:firebase-auth:21.0.1] AndroidManifest.xml:29:13-46
181            android:exported="true"
181-->[com.google.firebase:firebase-auth:21.0.1] AndroidManifest.xml:30:13-36
182            android:launchMode="singleTask"
182-->[com.google.firebase:firebase-auth:21.0.1] AndroidManifest.xml:31:13-44
183            android:theme="@android:style/Theme.Translucent.NoTitleBar" >
183-->[com.google.firebase:firebase-auth:21.0.1] AndroidManifest.xml:32:13-72
184            <intent-filter>
184-->[com.google.firebase:firebase-auth:21.0.1] AndroidManifest.xml:33:13-43:29
185                <action android:name="android.intent.action.VIEW" />
185-->[com.google.firebase:firebase-auth:21.0.1] AndroidManifest.xml:34:17-69
185-->[com.google.firebase:firebase-auth:21.0.1] AndroidManifest.xml:34:25-66
186
187                <category android:name="android.intent.category.DEFAULT" />
187-->[:awesome_notifications] AndroidManifest.xml:50:17-76
187-->[:awesome_notifications] AndroidManifest.xml:50:27-73
188                <category android:name="android.intent.category.BROWSABLE" />
188-->[com.google.firebase:firebase-auth:21.0.1] AndroidManifest.xml:37:17-78
188-->[com.google.firebase:firebase-auth:21.0.1] AndroidManifest.xml:37:27-75
189
190                <data
190-->[com.google.firebase:firebase-auth:21.0.1] AndroidManifest.xml:39:17-42:51
191                    android:host="firebase.auth"
191-->[com.google.firebase:firebase-auth:21.0.1] AndroidManifest.xml:40:21-49
192                    android:path="/"
192-->[com.google.firebase:firebase-auth:21.0.1] AndroidManifest.xml:41:21-37
193                    android:scheme="genericidp" />
193-->[com.google.firebase:firebase-auth:21.0.1] AndroidManifest.xml:42:21-48
194            </intent-filter>
195        </activity>
196        <activity
196-->[com.google.firebase:firebase-auth:21.0.1] AndroidManifest.xml:45:9-62:20
197            android:name="com.google.firebase.auth.internal.RecaptchaActivity"
197-->[com.google.firebase:firebase-auth:21.0.1] AndroidManifest.xml:46:13-79
198            android:excludeFromRecents="true"
198-->[com.google.firebase:firebase-auth:21.0.1] AndroidManifest.xml:47:13-46
199            android:exported="true"
199-->[com.google.firebase:firebase-auth:21.0.1] AndroidManifest.xml:48:13-36
200            android:launchMode="singleTask"
200-->[com.google.firebase:firebase-auth:21.0.1] AndroidManifest.xml:49:13-44
201            android:theme="@android:style/Theme.Translucent.NoTitleBar" >
201-->[com.google.firebase:firebase-auth:21.0.1] AndroidManifest.xml:50:13-72
202            <intent-filter>
202-->[com.google.firebase:firebase-auth:21.0.1] AndroidManifest.xml:51:13-61:29
203                <action android:name="android.intent.action.VIEW" />
203-->[com.google.firebase:firebase-auth:21.0.1] AndroidManifest.xml:34:17-69
203-->[com.google.firebase:firebase-auth:21.0.1] AndroidManifest.xml:34:25-66
204
205                <category android:name="android.intent.category.DEFAULT" />
205-->[:awesome_notifications] AndroidManifest.xml:50:17-76
205-->[:awesome_notifications] AndroidManifest.xml:50:27-73
206                <category android:name="android.intent.category.BROWSABLE" />
206-->[com.google.firebase:firebase-auth:21.0.1] AndroidManifest.xml:37:17-78
206-->[com.google.firebase:firebase-auth:21.0.1] AndroidManifest.xml:37:27-75
207
208                <data
208-->[com.google.firebase:firebase-auth:21.0.1] AndroidManifest.xml:39:17-42:51
209                    android:host="firebase.auth"
209-->[com.google.firebase:firebase-auth:21.0.1] AndroidManifest.xml:40:21-49
210                    android:path="/"
210-->[com.google.firebase:firebase-auth:21.0.1] AndroidManifest.xml:41:21-37
211                    android:scheme="recaptcha" />
211-->[com.google.firebase:firebase-auth:21.0.1] AndroidManifest.xml:42:21-48
212            </intent-filter>
213        </activity>
214
215        <service
215-->[com.google.firebase:firebase-auth:21.0.1] AndroidManifest.xml:64:9-73:19
216            android:name="com.google.firebase.auth.api.fallback.service.FirebaseAuthFallbackService"
216-->[com.google.firebase:firebase-auth:21.0.1] AndroidManifest.xml:65:13-101
217            android:enabled="true"
217-->[com.google.firebase:firebase-auth:21.0.1] AndroidManifest.xml:66:13-35
218            android:exported="false" >
218-->[com.google.firebase:firebase-auth:21.0.1] AndroidManifest.xml:67:13-37
219            <intent-filter>
219-->[com.google.firebase:firebase-auth:21.0.1] AndroidManifest.xml:68:13-72:29
220                <action android:name="com.google.firebase.auth.api.gms.service.START" />
220-->[com.google.firebase:firebase-auth:21.0.1] AndroidManifest.xml:69:17-89
220-->[com.google.firebase:firebase-auth:21.0.1] AndroidManifest.xml:69:25-86
221
222                <category android:name="android.intent.category.DEFAULT" />
222-->[:awesome_notifications] AndroidManifest.xml:50:17-76
222-->[:awesome_notifications] AndroidManifest.xml:50:27-73
223            </intent-filter>
224        </service>
225
226        <provider
226-->[com.google.firebase:firebase-common:20.0.0] AndroidManifest.xml:26:9-31:39
227            android:name="com.google.firebase.provider.FirebaseInitProvider"
227-->[com.google.firebase:firebase-common:20.0.0] AndroidManifest.xml:27:13-77
228            android:authorities="com.inkandmetal.share_app.firebaseinitprovider"
228-->[com.google.firebase:firebase-common:20.0.0] AndroidManifest.xml:28:13-72
229            android:directBootAware="true"
229-->[com.google.firebase:firebase-common:20.0.0] AndroidManifest.xml:29:13-43
230            android:exported="false"
230-->[com.google.firebase:firebase-common:20.0.0] AndroidManifest.xml:30:13-37
231            android:initOrder="100" />
231-->[com.google.firebase:firebase-common:20.0.0] AndroidManifest.xml:31:13-36
232
233        <receiver
233-->[com.google.android.gms:play-services-measurement:20.0.0] AndroidManifest.xml:29:9-33:20
234            android:name="com.google.android.gms.measurement.AppMeasurementReceiver"
234-->[com.google.android.gms:play-services-measurement:20.0.0] AndroidManifest.xml:30:13-85
235            android:enabled="true"
235-->[com.google.android.gms:play-services-measurement:20.0.0] AndroidManifest.xml:31:13-35
236            android:exported="false" >
236-->[com.google.android.gms:play-services-measurement:20.0.0] AndroidManifest.xml:32:13-37
237        </receiver>
238
239        <service
239-->[com.google.android.gms:play-services-measurement:20.0.0] AndroidManifest.xml:35:9-38:40
240            android:name="com.google.android.gms.measurement.AppMeasurementService"
240-->[com.google.android.gms:play-services-measurement:20.0.0] AndroidManifest.xml:36:13-84
241            android:enabled="true"
241-->[com.google.android.gms:play-services-measurement:20.0.0] AndroidManifest.xml:37:13-35
242            android:exported="false" />
242-->[com.google.android.gms:play-services-measurement:20.0.0] AndroidManifest.xml:38:13-37
243        <service
243-->[com.google.android.gms:play-services-measurement:20.0.0] AndroidManifest.xml:39:9-43:72
244            android:name="com.google.android.gms.measurement.AppMeasurementJobService"
244-->[com.google.android.gms:play-services-measurement:20.0.0] AndroidManifest.xml:40:13-87
245            android:enabled="true"
245-->[com.google.android.gms:play-services-measurement:20.0.0] AndroidManifest.xml:41:13-35
246            android:exported="false"
246-->[com.google.android.gms:play-services-measurement:20.0.0] AndroidManifest.xml:42:13-37
247            android:permission="android.permission.BIND_JOB_SERVICE" />
247-->[com.google.android.gms:play-services-measurement:20.0.0] AndroidManifest.xml:43:13-69
248
249        <activity
249-->[com.google.android.gms:play-services-base:17.1.0] AndroidManifest.xml:23:9-26:75
250            android:name="com.google.android.gms.common.api.GoogleApiActivity"
250-->[com.google.android.gms:play-services-base:17.1.0] AndroidManifest.xml:24:13-79
251            android:exported="false"
251-->[com.google.android.gms:play-services-base:17.1.0] AndroidManifest.xml:25:13-37
252            android:theme="@android:style/Theme.Translucent.NoTitleBar" />
252-->[com.google.android.gms:play-services-base:17.1.0] AndroidManifest.xml:26:13-72
253
254        <meta-data
254-->[com.google.android.gms:play-services-basement:17.1.0] AndroidManifest.xml:23:9-25:69
255            android:name="com.google.android.gms.version"
255-->[com.google.android.gms:play-services-basement:17.1.0] AndroidManifest.xml:24:13-58
256            android:value="@integer/google_play_services_version" />
256-->[com.google.android.gms:play-services-basement:17.1.0] AndroidManifest.xml:25:13-66
257
258        <provider
258-->[androidx.lifecycle:lifecycle-process:2.2.0] AndroidManifest.xml:25:9-29:43
259            android:name="androidx.lifecycle.ProcessLifecycleOwnerInitializer"
259-->[androidx.lifecycle:lifecycle-process:2.2.0] AndroidManifest.xml:26:13-79
260            android:authorities="com.inkandmetal.share_app.lifecycle-process"
260-->[androidx.lifecycle:lifecycle-process:2.2.0] AndroidManifest.xml:27:13-69
261            android:exported="false"
261-->[androidx.lifecycle:lifecycle-process:2.2.0] AndroidManifest.xml:28:13-37
262            android:multiprocess="true" />
262-->[androidx.lifecycle:lifecycle-process:2.2.0] AndroidManifest.xml:29:13-40
263    </application>
264
265</manifest>